<?xml version='1.0' encoding='UTF-8'?>
<testsuite hostname="ITs-MacBook-Pro-2.local" name="com.gameco.battleship.game.BattleshipGameSpec" tests="9" errors="0" failures="0" time="3.646">
                     <properties>
[...]
</properties>
                     <testcase classname="com.gameco.battleship.game.BattleshipGameSpec" name="when there is an error::when taking a turn::Battleship game should::should return out-of-bounds error when the hit position is outside the game width" time="0.371">
                                                 
                                               </testcase><testcase classname="com.gameco.battleship.game.BattleshipGameSpec" name="when there is an error::when taking a turn::Battleship game should::should return out-of-bounds error when the hit position is outside the game height" time="0.381">
                                                 
                                               </testcase><testcase classname="com.gameco.battleship.game.BattleshipGameSpec" name="when there is an error::when taking a turn::Battleship game should::should return already hit error when the hit position was attacked previously" time="0.454">
                                                 
                                               </testcase><testcase classname="com.gameco.battleship.game.BattleshipGameSpec" name="when there is an error::when taking a turn::Battleship game should::should return game over error when the game has already been won by a player" time="0.38">
                                                 
                                               </testcase><testcase classname="com.gameco.battleship.game.BattleshipGameSpec" name="when the move is legal::when taking a turn::Battleship game should::it should be the next player's turn in the new game" time="0.465">
                                                 
                                               </testcase><testcase classname="com.gameco.battleship.game.BattleshipGameSpec" name="when the move is legal::when taking a turn::Battleship game should::then the new game should have the same height, width and current player state as the current game" time="0.514">
                                                 
                                               </testcase><testcase classname="com.gameco.battleship.game.BattleshipGameSpec" name="when the move is legal::when taking a turn::Battleship game should::then a Right with the result and new opposing player state should be returned" time="0.463">
                                                 
                                               </testcase><testcase classname="com.gameco.battleship.game.BattleshipGameSpec" name="when completing a turn and checking for game-over status::Battleship game should::return an empty option when at the end of a player's turn the opponent still has unsunk ships" time="0.471">
                                                 
                                               </testcase><testcase classname="com.gameco.battleship.game.BattleshipGameSpec" name="when completing a turn and checking for game-over status::Battleship game should::return victory for the player when all of the opponent's ships are sunk at the end of the turn" time="0.147">
                                                 
                                               </testcase>
                     <system-out></system-out>
                     <system-err></system-err>
                   </testsuite>